<?xml version="1.0" encoding="UTF-8"?>
<robot generator="Robot 5.0.1 (Python 3.9.13 on win32)" generated="20230627 13:08:48.434" rpa="true" schemaversion="3">
<suite id="s1" name="Tasks" source="c:\Users\avasiliu\OneDrive - Secureworks\Documents\RobotFrameworkBots\tasks.robot">
<test id="s1-t1" name="Minimal task" line="6">
<kw name="Log" library="BuiltIn">
<arg>Done.</arg>
<doc>Logs the given message with the given level.</doc>
<msg timestamp="20230627 13:08:48.551" level="INFO">Done.</msg>
<status status="PASS" starttime="20230627 13:08:48.550" endtime="20230627 13:08:48.560"/>
</kw>
<status status="PASS" starttime="20230627 13:08:48.550" endtime="20230627 13:08:48.561"/>
</test>
<doc>Template robot main suite.</doc>
<status status="PASS" starttime="20230627 13:08:48.457" endtime="20230627 13:08:48.563"/>
</suite>
<statistics>
<total>
<stat pass="1" fail="0" skip="0">All Tasks</stat>
</total>
<tag>
</tag>
<suite>
<stat pass="1" fail="0" skip="0" id="s1" name="Tasks">Tasks</stat>
</suite>
</statistics>
<errors>
</errors>
</robot>
